c:\projects\c++\fire_01\x64\debug\vc143.pdb
c:\projects\c++\fire_01\x64\debug\vc143.idb
c:\projects\c++\fire_01\x64\debug\screen.obj
c:\projects\c++\fire_01\x64\debug\system.obj
c:\projects\c++\fire_01\x64\debug\particle.obj
c:\projects\c++\fire_01\x64\debug\main.obj
c:\projects\c++\fire_01\x64\debug\fire_01.exe
c:\projects\c++\fire_01\x64\debug\fire_01.ilk
c:\projects\c++\fire_01\x64\debug\fire_01.pdb
c:\projects\c++\sdl-flux\x64\debug\main.obj
c:\projects\c++\sdl-flux\x64\debug\particle.obj
c:\projects\c++\sdl-flux\x64\debug\screen.obj
c:\projects\c++\sdl-flux\x64\debug\system.obj
c:\projects\c++\sdl-flux\x64\debug\fire_01.ilk
c:\projects\c++\sdl-flux\x64\debug\vc143.idb
c:\projects\c++\sdl-flux\x64\debug\fire_01.pdb
c:\projects\c++\sdl-flux\x64\debug\vc143.pdb
c:\projects\c++\sdl-flux\x64\debug\fire_01.exe
c:\projects\c++\sdl-flux\x64\debug\fire_01.tlog\cl.command.1.tlog
c:\projects\c++\sdl-flux\x64\debug\fire_01.tlog\cl.items.tlog
c:\projects\c++\sdl-flux\x64\debug\fire_01.tlog\cl.read.1.tlog
c:\projects\c++\sdl-flux\x64\debug\fire_01.tlog\cl.write.1.tlog
c:\projects\c++\sdl-flux\x64\debug\fire_01.tlog\link.command.1.tlog
c:\projects\c++\sdl-flux\x64\debug\fire_01.tlog\link.read.1.tlog
c:\projects\c++\sdl-flux\x64\debug\fire_01.tlog\link.write.1.tlog
